<?xml version="1.0" encoding="UTF-8"?>
<coverage generated="1753656884948" clover="3.2.0">
  <project timestamp="1753656884948" name="All files">
    <metrics statements="111" coveredstatements="99" conditionals="64" coveredconditionals="50" methods="24" coveredmethods="19" elements="199" coveredelements="168" complexity="0" loc="111" ncloc="111" packages="1" files="1" classes="1"/>
    <file name="BotManager.js" path="C:\Users\Harry\OneDrive\Desktop\projects\BigStack\BigStack\server\bots\BotManager.js">
      <metrics statements="111" coveredstatements="99" conditionals="64" coveredconditionals="50" methods="24" coveredmethods="19"/>
      <line num="8" count="1" type="stmt"/>
      <line num="9" count="1" type="stmt"/>
      <line num="13" count="38" type="stmt"/>
      <line num="14" count="38" type="stmt"/>
      <line num="15" count="38" type="stmt"/>
      <line num="16" count="38" type="stmt"/>
      <line num="17" count="38" type="stmt"/>
      <line num="18" count="38" type="stmt"/>
      <line num="19" count="38" type="stmt"/>
      <line num="20" count="38" type="stmt"/>
      <line num="21" count="38" type="stmt"/>
      <line num="24" count="38" type="stmt"/>
      <line num="28" count="38" type="cond" truecount="4" falsecount="1"/>
      <line num="30" count="1" type="stmt"/>
      <line num="31" count="1" type="stmt"/>
      <line num="32" count="1" type="stmt"/>
      <line num="33" count="1" type="stmt"/>
      <line num="35" count="32" type="stmt"/>
      <line num="36" count="32" type="stmt"/>
      <line num="37" count="32" type="stmt"/>
      <line num="38" count="32" type="stmt"/>
      <line num="40" count="4" type="stmt"/>
      <line num="41" count="4" type="stmt"/>
      <line num="42" count="4" type="stmt"/>
      <line num="43" count="4" type="stmt"/>
      <line num="45" count="1" type="stmt"/>
      <line num="46" count="1" type="stmt"/>
      <line num="47" count="1" type="stmt"/>
      <line num="48" count="1" type="stmt"/>
      <line num="50" count="0" type="stmt"/>
      <line num="57" count="0" type="stmt"/>
      <line num="63" count="0" type="stmt"/>
      <line num="68" count="3" type="cond" truecount="1" falsecount="1"/>
      <line num="69" count="0" type="stmt"/>
      <line num="72" count="3" type="stmt"/>
      <line num="75" count="3" type="stmt"/>
      <line num="76" count="3" type="cond" truecount="4" falsecount="0"/>
      <line num="77" count="1" type="stmt"/>
      <line num="81" count="2" type="stmt"/>
      <line num="83" count="2" type="stmt"/>
      <line num="84" count="2" type="stmt"/>
      <line num="89" count="5" type="cond" truecount="3" falsecount="1"/>
      <line num="90" count="5" type="stmt"/>
      <line num="91" count="5" type="cond" truecount="3" falsecount="1"/>
      <line num="95" count="2" type="stmt"/>
      <line num="96" count="2" type="cond" truecount="3" falsecount="1"/>
      <line num="97" count="0" type="stmt"/>
      <line num="101" count="2" type="stmt"/>
      <line num="104" count="2" type="stmt"/>
      <line num="112" count="14" type="cond" truecount="2" falsecount="0"/>
      <line num="113" count="14" type="cond" truecount="2" falsecount="0"/>
      <line num="114" count="14" type="stmt"/>
      <line num="115" count="14" type="cond" truecount="2" falsecount="0"/>
      <line num="116" count="14" type="cond" truecount="2" falsecount="0"/>
      <line num="119" count="14" type="stmt"/>
      <line num="122" count="14" type="cond" truecount="2" falsecount="0"/>
      <line num="123" count="2" type="cond" truecount="2" falsecount="0"/>
      <line num="124" count="1" type="stmt"/>
      <line num="127" count="1" type="stmt"/>
      <line num="128" count="1" type="stmt"/>
      <line num="136" count="12" type="stmt"/>
      <line num="137" count="12" type="stmt"/>
      <line num="139" count="12" type="cond" truecount="2" falsecount="0"/>
      <line num="141" count="1" type="cond" truecount="1" falsecount="1"/>
      <line num="144" count="11" type="cond" truecount="2" falsecount="0"/>
      <line num="145" count="5" type="cond" truecount="1" falsecount="1"/>
      <line num="146" count="5" type="stmt"/>
      <line num="149" count="0" type="stmt"/>
      <line num="150" count="0" type="stmt"/>
      <line num="156" count="6" type="stmt"/>
      <line num="161" count="36" type="cond" truecount="2" falsecount="0"/>
      <line num="162" count="3" type="stmt"/>
      <line num="163" count="3" type="stmt"/>
      <line num="165" count="36" type="stmt"/>
      <line num="171" count="14" type="stmt"/>
      <line num="172" count="14" type="stmt"/>
      <line num="176" count="15" type="stmt"/>
      <line num="178" count="15" type="stmt"/>
      <line num="179" count="15" type="stmt"/>
      <line num="184" count="15" type="stmt"/>
      <line num="185" count="33" type="stmt"/>
      <line num="186" count="33" type="cond" truecount="3" falsecount="1"/>
      <line num="188" count="33" type="stmt"/>
      <line num="191" count="33" type="stmt"/>
      <line num="192" count="0" type="stmt"/>
      <line num="195" count="33" type="stmt"/>
      <line num="198" count="15" type="stmt"/>
      <line num="199" count="15" type="stmt"/>
      <line num="204" count="1" type="stmt"/>
      <line num="207" count="1" type="stmt"/>
      <line num="211" count="1" type="stmt"/>
      <line num="212" count="1" type="cond" truecount="1" falsecount="1"/>
      <line num="214" count="1" type="stmt"/>
      <line num="215" count="3" type="stmt"/>
      <line num="220" count="2" type="stmt"/>
      <line num="221" count="2" type="cond" truecount="1" falsecount="1"/>
      <line num="223" count="2" type="cond" truecount="2" falsecount="0"/>
      <line num="227" count="1" type="cond" truecount="1" falsecount="1"/>
      <line num="231" count="16" type="stmt"/>
      <line num="232" count="16" type="cond" truecount="2" falsecount="0"/>
      <line num="233" count="33" type="stmt"/>
      <line num="234" count="15" type="stmt"/>
      <line num="236" count="16" type="stmt"/>
      <line num="237" count="16" type="stmt"/>
      <line num="242" count="1" type="stmt"/>
      <line num="247" count="0" type="cond" truecount="0" falsecount="2"/>
      <line num="248" count="0" type="stmt"/>
      <line num="249" count="0" type="stmt"/>
      <line num="254" count="0" type="stmt"/>
      <line num="259" count="1" type="stmt"/>
      <line num="261" count="1" type="stmt"/>
    </file>
  </project>
</coverage>
