{"C:\\Users\\Harry\\OneDrive\\Desktop\\projects\\BigStack\\BigStack\\server\\bots\\BotManager.js": {"path":"C:\\Users\\Harry\\OneDrive\\Desktop\\projects\\BigStack\\BigStack\\server\\bots\\BotManager.js","statementMap":{"0":{"start":{"line":8,"column":25},"end":{"line":8,"column":42}},"1":{"start":{"line":9,"column":23},"end":{"line":9,"column":40}},"2":{"start":{"line":13,"column":4},"end":{"line":13,"column":12}},"3":{"start":{"line":14,"column":4},"end":{"line":14,"column":20}},"4":{"start":{"line":15,"column":4},"end":{"line":15,"column":27}},"5":{"start":{"line":16,"column":4},"end":{"line":16,"column":25}},"6":{"start":{"line":17,"column":4},"end":{"line":17,"column":33}},"7":{"start":{"line":18,"column":4},"end":{"line":18,"column":22}},"8":{"start":{"line":19,"column":4},"end":{"line":19,"column":45}},"9":{"start":{"line":20,"column":4},"end":{"line":20,"column":28}},"10":{"start":{"line":21,"column":4},"end":{"line":21,"column":26}},"11":{"start":{"line":24,"column":4},"end":{"line":24,"column":47}},"12":{"start":{"line":28,"column":4},"end":{"line":51,"column":5}},"13":{"start":{"line":30,"column":8},"end":{"line":30,"column":49}},"14":{"start":{"line":31,"column":8},"end":{"line":31,"column":30}},"15":{"start":{"line":32,"column":8},"end":{"line":32,"column":34}},"16":{"start":{"line":33,"column":8},"end":{"line":33,"column":14}},"17":{"start":{"line":35,"column":8},"end":{"line":35,"column":49}},"18":{"start":{"line":36,"column":8},"end":{"line":36,"column":30}},"19":{"start":{"line":37,"column":8},"end":{"line":37,"column":34}},"20":{"start":{"line":38,"column":8},"end":{"line":38,"column":14}},"21":{"start":{"line":40,"column":8},"end":{"line":40,"column":49}},"22":{"start":{"line":41,"column":8},"end":{"line":41,"column":30}},"23":{"start":{"line":42,"column":8},"end":{"line":42,"column":34}},"24":{"start":{"line":43,"column":8},"end":{"line":43,"column":14}},"25":{"start":{"line":45,"column":8},"end":{"line":45,"column":50}},"26":{"start":{"line":46,"column":8},"end":{"line":46,"column":30}},"27":{"start":{"line":47,"column":8},"end":{"line":47,"column":35}},"28":{"start":{"line":48,"column":8},"end":{"line":48,"column":14}},"29":{"start":{"line":50,"column":8},"end":{"line":50,"column":49}},"30":{"start":{"line":57,"column":4},"end":{"line":57,"column":16}},"31":{"start":{"line":63,"column":4},"end":{"line":63,"column":16}},"32":{"start":{"line":68,"column":4},"end":{"line":70,"column":5}},"33":{"start":{"line":69,"column":6},"end":{"line":69,"column":37}},"34":{"start":{"line":72,"column":4},"end":{"line":72,"column":31}},"35":{"start":{"line":75,"column":26},"end":{"line":75,"column":58}},"36":{"start":{"line":76,"column":4},"end":{"line":78,"column":5}},"37":{"start":{"line":77,"column":6},"end":{"line":77,"column":13}},"38":{"start":{"line":81,"column":22},"end":{"line":81,"column":100}},"39":{"start":{"line":83,"column":4},"end":{"line":85,"column":18}},"40":{"start":{"line":84,"column":6},"end":{"line":84,"column":35}},"41":{"start":{"line":89,"column":4},"end":{"line":89,"column":74}},"42":{"start":{"line":89,"column":62},"end":{"line":89,"column":74}},"43":{"start":{"line":90,"column":24},"end":{"line":90,"column":69}},"44":{"start":{"line":91,"column":4},"end":{"line":91,"column":75}},"45":{"start":{"line":95,"column":26},"end":{"line":95,"column":58}},"46":{"start":{"line":96,"column":4},"end":{"line":98,"column":5}},"47":{"start":{"line":97,"column":6},"end":{"line":97,"column":13}},"48":{"start":{"line":101,"column":19},"end":{"line":101,"column":65}},"49":{"start":{"line":104,"column":4},"end":{"line":108,"column":7}},"50":{"start":{"line":112,"column":23},"end":{"line":112,"column":55}},"51":{"start":{"line":113,"column":22},"end":{"line":113,"column":44}},"52":{"start":{"line":114,"column":23},"end":{"line":114,"column":45}},"53":{"start":{"line":115,"column":16},"end":{"line":115,"column":34}},"54":{"start":{"line":116,"column":18},"end":{"line":116,"column":35}},"55":{"start":{"line":119,"column":19},"end":{"line":119,"column":32}},"56":{"start":{"line":122,"column":4},"end":{"line":133,"column":5}},"57":{"start":{"line":123,"column":6},"end":{"line":132,"column":7}},"58":{"start":{"line":124,"column":8},"end":{"line":124,"column":33}},"59":{"start":{"line":127,"column":24},"end":{"line":127,"column":62}},"60":{"start":{"line":128,"column":8},"end":{"line":131,"column":10}},"61":{"start":{"line":136,"column":20},"end":{"line":136,"column":51}},"62":{"start":{"line":137,"column":23},"end":{"line":137,"column":63}},"63":{"start":{"line":139,"column":4},"end":{"line":142,"column":5}},"64":{"start":{"line":141,"column":6},"end":{"line":141,"column":64}},"65":{"start":{"line":144,"column":4},"end":{"line":157,"column":5}},"66":{"start":{"line":145,"column":6},"end":{"line":154,"column":7}},"67":{"start":{"line":146,"column":8},"end":{"line":146,"column":32}},"68":{"start":{"line":149,"column":26},"end":{"line":149,"column":69}},"69":{"start":{"line":150,"column":8},"end":{"line":153,"column":10}},"70":{"start":{"line":156,"column":6},"end":{"line":156,"column":30}},"71":{"start":{"line":161,"column":4},"end":{"line":164,"column":5}},"72":{"start":{"line":162,"column":6},"end":{"line":162,"column":37}},"73":{"start":{"line":163,"column":6},"end":{"line":163,"column":30}},"74":{"start":{"line":165,"column":4},"end":{"line":165,"column":30}},"75":{"start":{"line":171,"column":4},"end":{"line":171,"column":26}},"76":{"start":{"line":172,"column":4},"end":{"line":172,"column":31}},"77":{"start":{"line":176,"column":4},"end":{"line":176,"column":76}},"78":{"start":{"line":178,"column":23},"end":{"line":178,"column":25}},"79":{"start":{"line":179,"column":25},"end":{"line":182,"column":5}},"80":{"start":{"line":184,"column":4},"end":{"line":196,"column":5}},"81":{"start":{"line":184,"column":17},"end":{"line":184,"column":18}},"82":{"start":{"line":185,"column":20},"end":{"line":185,"column":69}},"83":{"start":{"line":186,"column":22},"end":{"line":186,"column":83}},"84":{"start":{"line":188,"column":24},"end":{"line":188,"column":73}},"85":{"start":{"line":191,"column":6},"end":{"line":193,"column":9}},"86":{"start":{"line":192,"column":8},"end":{"line":192,"column":41}},"87":{"start":{"line":195,"column":6},"end":{"line":195,"column":33}},"88":{"start":{"line":198,"column":4},"end":{"line":198,"column":38}},"89":{"start":{"line":199,"column":4},"end":{"line":199,"column":22}},"90":{"start":{"line":204,"column":4},"end":{"line":204,"column":56}},"91":{"start":{"line":207,"column":4},"end":{"line":207,"column":39}},"92":{"start":{"line":211,"column":17},"end":{"line":211,"column":38}},"93":{"start":{"line":212,"column":4},"end":{"line":212,"column":22}},"94":{"start":{"line":212,"column":15},"end":{"line":212,"column":22}},"95":{"start":{"line":214,"column":4},"end":{"line":216,"column":7}},"96":{"start":{"line":215,"column":6},"end":{"line":215,"column":36}},"97":{"start":{"line":220,"column":17},"end":{"line":220,"column":38}},"98":{"start":{"line":221,"column":4},"end":{"line":221,"column":27}},"99":{"start":{"line":221,"column":15},"end":{"line":221,"column":27}},"100":{"start":{"line":223,"column":4},"end":{"line":223,"column":54}},"101":{"start":{"line":223,"column":28},"end":{"line":223,"column":44}},"102":{"start":{"line":227,"column":4},"end":{"line":227,"column":39}},"103":{"start":{"line":231,"column":17},"end":{"line":231,"column":38}},"104":{"start":{"line":232,"column":4},"end":{"line":235,"column":5}},"105":{"start":{"line":233,"column":6},"end":{"line":233,"column":44}},"106":{"start":{"line":233,"column":26},"end":{"line":233,"column":42}},"107":{"start":{"line":234,"column":6},"end":{"line":234,"column":31}},"108":{"start":{"line":236,"column":4},"end":{"line":236,"column":34}},"109":{"start":{"line":237,"column":4},"end":{"line":237,"column":64}},"110":{"start":{"line":242,"column":4},"end":{"line":242,"column":48}},"111":{"start":{"line":247,"column":21},"end":{"line":247,"column":71}},"112":{"start":{"line":248,"column":4},"end":{"line":248,"column":33}},"113":{"start":{"line":249,"column":4},"end":{"line":249,"column":41}},"114":{"start":{"line":254,"column":4},"end":{"line":254,"column":38}},"115":{"start":{"line":259,"column":0},"end":{"line":259,"column":68}},"116":{"start":{"line":261,"column":0},"end":{"line":261,"column":43}}},"fnMap":{"0":{"name":"(anonymous_0)","decl":{"start":{"line":12,"column":2},"end":{"line":12,"column":3}},"loc":{"start":{"line":12,"column":61},"end":{"line":25,"column":3}},"line":12},"1":{"name":"(anonymous_1)","decl":{"start":{"line":27,"column":2},"end":{"line":27,"column":3}},"loc":{"start":{"line":27,"column":40},"end":{"line":52,"column":3}},"line":27},"2":{"name":"(anonymous_2)","decl":{"start":{"line":55,"column":2},"end":{"line":55,"column":3}},"loc":{"start":{"line":55,"column":13},"end":{"line":58,"column":3}},"line":55},"3":{"name":"(anonymous_3)","decl":{"start":{"line":61,"column":2},"end":{"line":61,"column":3}},"loc":{"start":{"line":61,"column":14},"end":{"line":64,"column":3}},"line":61},"4":{"name":"(anonymous_4)","decl":{"start":{"line":67,"column":2},"end":{"line":67,"column":3}},"loc":{"start":{"line":67,"column":28},"end":{"line":86,"column":3}},"line":67},"5":{"name":"(anonymous_5)","decl":{"start":{"line":83,"column":34},"end":{"line":83,"column":35}},"loc":{"start":{"line":83,"column":40},"end":{"line":85,"column":5}},"line":83},"6":{"name":"(anonymous_6)","decl":{"start":{"line":88,"column":2},"end":{"line":88,"column":3}},"loc":{"start":{"line":88,"column":30},"end":{"line":92,"column":3}},"line":88},"7":{"name":"(anonymous_7)","decl":{"start":{"line":94,"column":2},"end":{"line":94,"column":3}},"loc":{"start":{"line":94,"column":26},"end":{"line":109,"column":3}},"line":94},"8":{"name":"(anonymous_8)","decl":{"start":{"line":111,"column":2},"end":{"line":111,"column":3}},"loc":{"start":{"line":111,"column":37},"end":{"line":158,"column":3}},"line":111},"9":{"name":"(anonymous_9)","decl":{"start":{"line":160,"column":2},"end":{"line":160,"column":3}},"loc":{"start":{"line":160,"column":15},"end":{"line":166,"column":3}},"line":160},"10":{"name":"(anonymous_10)","decl":{"start":{"line":170,"column":2},"end":{"line":170,"column":3}},"loc":{"start":{"line":170,"column":16},"end":{"line":173,"column":3}},"line":170},"11":{"name":"(anonymous_11)","decl":{"start":{"line":175,"column":2},"end":{"line":175,"column":3}},"loc":{"start":{"line":175,"column":77},"end":{"line":200,"column":3}},"line":175},"12":{"name":"(anonymous_12)","decl":{"start":{"line":191,"column":32},"end":{"line":191,"column":33}},"loc":{"start":{"line":191,"column":48},"end":{"line":193,"column":7}},"line":191},"13":{"name":"(anonymous_13)","decl":{"start":{"line":202,"column":2},"end":{"line":202,"column":3}},"loc":{"start":{"line":202,"column":30},"end":{"line":208,"column":3}},"line":202},"14":{"name":"(anonymous_14)","decl":{"start":{"line":210,"column":2},"end":{"line":210,"column":3}},"loc":{"start":{"line":210,"column":41},"end":{"line":217,"column":3}},"line":210},"15":{"name":"(anonymous_15)","decl":{"start":{"line":214,"column":17},"end":{"line":214,"column":18}},"loc":{"start":{"line":214,"column":24},"end":{"line":216,"column":5}},"line":214},"16":{"name":"(anonymous_16)","decl":{"start":{"line":219,"column":2},"end":{"line":219,"column":3}},"loc":{"start":{"line":219,"column":30},"end":{"line":224,"column":3}},"line":219},"17":{"name":"(anonymous_17)","decl":{"start":{"line":223,"column":21},"end":{"line":223,"column":22}},"loc":{"start":{"line":223,"column":28},"end":{"line":223,"column":44}},"line":223},"18":{"name":"(anonymous_18)","decl":{"start":{"line":226,"column":2},"end":{"line":226,"column":3}},"loc":{"start":{"line":226,"column":28},"end":{"line":228,"column":3}},"line":226},"19":{"name":"(anonymous_19)","decl":{"start":{"line":230,"column":2},"end":{"line":230,"column":3}},"loc":{"start":{"line":230,"column":28},"end":{"line":238,"column":3}},"line":230},"20":{"name":"(anonymous_20)","decl":{"start":{"line":233,"column":19},"end":{"line":233,"column":20}},"loc":{"start":{"line":233,"column":26},"end":{"line":233,"column":42}},"line":233},"21":{"name":"(anonymous_21)","decl":{"start":{"line":240,"column":2},"end":{"line":240,"column":3}},"loc":{"start":{"line":240,"column":37},"end":{"line":243,"column":3}},"line":240},"22":{"name":"(anonymous_22)","decl":{"start":{"line":246,"column":2},"end":{"line":246,"column":3}},"loc":{"start":{"line":246,"column":41},"end":{"line":250,"column":3}},"line":246},"23":{"name":"(anonymous_23)","decl":{"start":{"line":253,"column":2},"end":{"line":253,"column":3}},"loc":{"start":{"line":253,"column":22},"end":{"line":255,"column":3}},"line":253}},"branchMap":{"0":{"loc":{"start":{"line":12,"column":38},"end":{"line":12,"column":59}},"type":"default-arg","locations":[{"start":{"line":12,"column":51},"end":{"line":12,"column":59}}],"line":12},"1":{"loc":{"start":{"line":28,"column":4},"end":{"line":51,"column":5}},"type":"switch","locations":[{"start":{"line":29,"column":6},"end":{"line":33,"column":14}},{"start":{"line":34,"column":6},"end":{"line":38,"column":14}},{"start":{"line":39,"column":6},"end":{"line":43,"column":14}},{"start":{"line":44,"column":6},"end":{"line":48,"column":14}},{"start":{"line":49,"column":6},"end":{"line":50,"column":49}}],"line":28},"2":{"loc":{"start":{"line":68,"column":4},"end":{"line":70,"column":5}},"type":"if","locations":[{"start":{"line":68,"column":4},"end":{"line":70,"column":5}},{"start":{},"end":{}}],"line":68},"3":{"loc":{"start":{"line":76,"column":4},"end":{"line":78,"column":5}},"type":"if","locations":[{"start":{"line":76,"column":4},"end":{"line":78,"column":5}},{"start":{},"end":{}}],"line":76},"4":{"loc":{"start":{"line":76,"column":8},"end":{"line":76,"column":54}},"type":"binary-expr","locations":[{"start":{"line":76,"column":8},"end":{"line":76,"column":22}},{"start":{"line":76,"column":26},"end":{"line":76,"column":54}}],"line":76},"5":{"loc":{"start":{"line":89,"column":4},"end":{"line":89,"column":74}},"type":"if","locations":[{"start":{"line":89,"column":4},"end":{"line":89,"column":74}},{"start":{},"end":{}}],"line":89},"6":{"loc":{"start":{"line":89,"column":8},"end":{"line":89,"column":60}},"type":"binary-expr","locations":[{"start":{"line":89,"column":8},"end":{"line":89,"column":24}},{"start":{"line":89,"column":28},"end":{"line":89,"column":60}}],"line":89},"7":{"loc":{"start":{"line":91,"column":11},"end":{"line":91,"column":74}},"type":"cond-expr","locations":[{"start":{"line":91,"column":49},"end":{"line":91,"column":67}},{"start":{"line":91,"column":70},"end":{"line":91,"column":74}}],"line":91},"8":{"loc":{"start":{"line":91,"column":11},"end":{"line":91,"column":46}},"type":"binary-expr","locations":[{"start":{"line":91,"column":11},"end":{"line":91,"column":22}},{"start":{"line":91,"column":26},"end":{"line":91,"column":46}}],"line":91},"9":{"loc":{"start":{"line":96,"column":4},"end":{"line":98,"column":5}},"type":"if","locations":[{"start":{"line":96,"column":4},"end":{"line":98,"column":5}},{"start":{},"end":{}}],"line":96},"10":{"loc":{"start":{"line":96,"column":8},"end":{"line":96,"column":54}},"type":"binary-expr","locations":[{"start":{"line":96,"column":8},"end":{"line":96,"column":22}},{"start":{"line":96,"column":26},"end":{"line":96,"column":54}}],"line":96},"11":{"loc":{"start":{"line":112,"column":23},"end":{"line":112,"column":55}},"type":"binary-expr","locations":[{"start":{"line":112,"column":23},"end":{"line":112,"column":50}},{"start":{"line":112,"column":54},"end":{"line":112,"column":55}}],"line":112},"12":{"loc":{"start":{"line":113,"column":22},"end":{"line":113,"column":44}},"type":"binary-expr","locations":[{"start":{"line":113,"column":22},"end":{"line":113,"column":39}},{"start":{"line":113,"column":43},"end":{"line":113,"column":44}}],"line":113},"13":{"loc":{"start":{"line":115,"column":16},"end":{"line":115,"column":34}},"type":"binary-expr","locations":[{"start":{"line":115,"column":16},"end":{"line":115,"column":29}},{"start":{"line":115,"column":33},"end":{"line":115,"column":34}}],"line":115},"14":{"loc":{"start":{"line":116,"column":18},"end":{"line":116,"column":35}},"type":"binary-expr","locations":[{"start":{"line":116,"column":18},"end":{"line":116,"column":30}},{"start":{"line":116,"column":34},"end":{"line":116,"column":35}}],"line":116},"15":{"loc":{"start":{"line":122,"column":4},"end":{"line":133,"column":5}},"type":"if","locations":[{"start":{"line":122,"column":4},"end":{"line":133,"column":5}},{"start":{},"end":{}}],"line":122},"16":{"loc":{"start":{"line":123,"column":6},"end":{"line":132,"column":7}},"type":"if","locations":[{"start":{"line":123,"column":6},"end":{"line":132,"column":7}},{"start":{"line":125,"column":13},"end":{"line":132,"column":7}}],"line":123},"17":{"loc":{"start":{"line":139,"column":4},"end":{"line":142,"column":5}},"type":"if","locations":[{"start":{"line":139,"column":4},"end":{"line":142,"column":5}},{"start":{},"end":{}}],"line":139},"18":{"loc":{"start":{"line":141,"column":13},"end":{"line":141,"column":63}},"type":"cond-expr","locations":[{"start":{"line":141,"column":28},"end":{"line":141,"column":44}},{"start":{"line":141,"column":47},"end":{"line":141,"column":63}}],"line":141},"19":{"loc":{"start":{"line":144,"column":4},"end":{"line":157,"column":5}},"type":"if","locations":[{"start":{"line":144,"column":4},"end":{"line":157,"column":5}},{"start":{"line":155,"column":11},"end":{"line":157,"column":5}}],"line":144},"20":{"loc":{"start":{"line":145,"column":6},"end":{"line":154,"column":7}},"type":"if","locations":[{"start":{"line":145,"column":6},"end":{"line":154,"column":7}},{"start":{"line":147,"column":13},"end":{"line":154,"column":7}}],"line":145},"21":{"loc":{"start":{"line":161,"column":4},"end":{"line":164,"column":5}},"type":"if","locations":[{"start":{"line":161,"column":4},"end":{"line":164,"column":5}},{"start":{},"end":{}}],"line":161},"22":{"loc":{"start":{"line":175,"column":37},"end":{"line":175,"column":58}},"type":"default-arg","locations":[{"start":{"line":175,"column":50},"end":{"line":175,"column":58}}],"line":175},"23":{"loc":{"start":{"line":175,"column":60},"end":{"line":175,"column":75}},"type":"default-arg","locations":[{"start":{"line":175,"column":71},"end":{"line":175,"column":75}}],"line":175},"24":{"loc":{"start":{"line":186,"column":22},"end":{"line":186,"column":83}},"type":"binary-expr","locations":[{"start":{"line":186,"column":23},"end":{"line":186,"column":31}},{"start":{"line":186,"column":35},"end":{"line":186,"column":46}},{"start":{"line":186,"column":51},"end":{"line":186,"column":66}},{"start":{"line":186,"column":70},"end":{"line":186,"column":83}}],"line":186},"25":{"loc":{"start":{"line":212,"column":4},"end":{"line":212,"column":22}},"type":"if","locations":[{"start":{"line":212,"column":4},"end":{"line":212,"column":22}},{"start":{},"end":{}}],"line":212},"26":{"loc":{"start":{"line":221,"column":4},"end":{"line":221,"column":27}},"type":"if","locations":[{"start":{"line":221,"column":4},"end":{"line":221,"column":27}},{"start":{},"end":{}}],"line":221},"27":{"loc":{"start":{"line":223,"column":11},"end":{"line":223,"column":53}},"type":"binary-expr","locations":[{"start":{"line":223,"column":11},"end":{"line":223,"column":45}},{"start":{"line":223,"column":49},"end":{"line":223,"column":53}}],"line":223},"28":{"loc":{"start":{"line":227,"column":11},"end":{"line":227,"column":38}},"type":"binary-expr","locations":[{"start":{"line":227,"column":11},"end":{"line":227,"column":32}},{"start":{"line":227,"column":36},"end":{"line":227,"column":38}}],"line":227},"29":{"loc":{"start":{"line":232,"column":4},"end":{"line":235,"column":5}},"type":"if","locations":[{"start":{"line":232,"column":4},"end":{"line":235,"column":5}},{"start":{},"end":{}}],"line":232},"30":{"loc":{"start":{"line":247,"column":21},"end":{"line":247,"column":71}},"type":"binary-expr","locations":[{"start":{"line":247,"column":21},"end":{"line":247,"column":47}},{"start":{"line":247,"column":51},"end":{"line":247,"column":71}}],"line":247}},"s":{"0":1,"1":1,"2":38,"3":38,"4":38,"5":38,"6":38,"7":38,"8":38,"9":38,"10":38,"11":38,"12":38,"13":1,"14":1,"15":1,"16":1,"17":32,"18":32,"19":32,"20":32,"21":4,"22":4,"23":4,"24":4,"25":1,"26":1,"27":1,"28":1,"29":0,"30":0,"31":0,"32":3,"33":0,"34":3,"35":3,"36":3,"37":1,"38":2,"39":2,"40":2,"41":5,"42":0,"43":5,"44":5,"45":2,"46":2,"47":0,"48":2,"49":2,"50":14,"51":14,"52":14,"53":14,"54":14,"55":14,"56":14,"57":2,"58":1,"59":1,"60":1,"61":12,"62":12,"63":12,"64":1,"65":11,"66":5,"67":5,"68":0,"69":0,"70":6,"71":36,"72":3,"73":3,"74":36,"75":14,"76":14,"77":15,"78":15,"79":15,"80":15,"81":15,"82":33,"83":33,"84":33,"85":33,"86":0,"87":33,"88":15,"89":15,"90":1,"91":1,"92":1,"93":1,"94":0,"95":1,"96":3,"97":2,"98":2,"99":0,"100":2,"101":2,"102":1,"103":16,"104":16,"105":15,"106":33,"107":15,"108":16,"109":16,"110":1,"111":0,"112":0,"113":0,"114":0,"115":1,"116":1},"f":{"0":38,"1":38,"2":0,"3":0,"4":3,"5":2,"6":5,"7":2,"8":14,"9":36,"10":14,"11":15,"12":0,"13":1,"14":1,"15":3,"16":2,"17":2,"18":1,"19":16,"20":33,"21":1,"22":0,"23":0},"b":{"0":[0],"1":[1,32,4,1,0],"2":[0,3],"3":[1,2],"4":[3,3],"5":[0,5],"6":[5,5],"7":[5,0],"8":[5,5],"9":[0,2],"10":[2,2],"11":[14,2],"12":[14,14],"13":[14,1],"14":[14,2],"15":[2,12],"16":[1,1],"17":[1,11],"18":[0,1],"19":[5,6],"20":[5,0],"21":[3,33],"22":[8],"23":[14],"24":[33,3,30,0],"25":[0,1],"26":[0,2],"27":[2,1],"28":[1,0],"29":[15,1],"30":[0,0]},"_coverageSchema":"1a1c01bbd47fc00a2c39e90264f33305004495a9","hash":"758cc498c5e2c7243a9aa07d06f6f00289a0c65e"}
}
