TN:
SF:server\bots\BotManager.js
FN:12,(anonymous_0)
FN:27,(anonymous_1)
FN:55,(anonymous_2)
FN:61,(anonymous_3)
FN:67,(anonymous_4)
FN:83,(anonymous_5)
FN:88,(anonymous_6)
FN:94,(anonymous_7)
FN:111,(anonymous_8)
FN:160,(anonymous_9)
FN:170,(anonymous_10)
FN:175,(anonymous_11)
FN:191,(anonymous_12)
FN:202,(anonymous_13)
FN:210,(anonymous_14)
FN:214,(anonymous_15)
FN:219,(anonymous_16)
FN:223,(anonymous_17)
FN:226,(anonymous_18)
FN:230,(anonymous_19)
FN:233,(anonymous_20)
FN:240,(anonymous_21)
FN:246,(anonymous_22)
FN:253,(anonymous_23)
FNF:24
FNH:19
FNDA:38,(anonymous_0)
FNDA:38,(anonymous_1)
FNDA:0,(anonymous_2)
FNDA:0,(anonymous_3)
FNDA:3,(anonymous_4)
FNDA:2,(anonymous_5)
FNDA:5,(anonymous_6)
FNDA:2,(anonymous_7)
FNDA:14,(anonymous_8)
FNDA:36,(anonymous_9)
FNDA:14,(anonymous_10)
FNDA:15,(anonymous_11)
FNDA:0,(anonymous_12)
FNDA:1,(anonymous_13)
FNDA:1,(anonymous_14)
FNDA:3,(anonymous_15)
FNDA:2,(anonymous_16)
FNDA:2,(anonymous_17)
FNDA:1,(anonymous_18)
FNDA:16,(anonymous_19)
FNDA:33,(anonymous_20)
FNDA:1,(anonymous_21)
FNDA:0,(anonymous_22)
FNDA:0,(anonymous_23)
DA:8,1
DA:9,1
DA:13,38
DA:14,38
DA:15,38
DA:16,38
DA:17,38
DA:18,38
DA:19,38
DA:20,38
DA:21,38
DA:24,38
DA:28,38
DA:30,1
DA:31,1
DA:32,1
DA:33,1
DA:35,32
DA:36,32
DA:37,32
DA:38,32
DA:40,4
DA:41,4
DA:42,4
DA:43,4
DA:45,1
DA:46,1
DA:47,1
DA:48,1
DA:50,0
DA:57,0
DA:63,0
DA:68,3
DA:69,0
DA:72,3
DA:75,3
DA:76,3
DA:77,1
DA:81,2
DA:83,2
DA:84,2
DA:89,5
DA:90,5
DA:91,5
DA:95,2
DA:96,2
DA:97,0
DA:101,2
DA:104,2
DA:112,14
DA:113,14
DA:114,14
DA:115,14
DA:116,14
DA:119,14
DA:122,14
DA:123,2
DA:124,1
DA:127,1
DA:128,1
DA:136,12
DA:137,12
DA:139,12
DA:141,1
DA:144,11
DA:145,5
DA:146,5
DA:149,0
DA:150,0
DA:156,6
DA:161,36
DA:162,3
DA:163,3
DA:165,36
DA:171,14
DA:172,14
DA:176,15
DA:178,15
DA:179,15
DA:184,15
DA:185,33
DA:186,33
DA:188,33
DA:191,33
DA:192,0
DA:195,33
DA:198,15
DA:199,15
DA:204,1
DA:207,1
DA:211,1
DA:212,1
DA:214,1
DA:215,3
DA:220,2
DA:221,2
DA:223,2
DA:227,1
DA:231,16
DA:232,16
DA:233,33
DA:234,15
DA:236,16
DA:237,16
DA:242,1
DA:247,0
DA:248,0
DA:249,0
DA:254,0
DA:259,1
DA:261,1
LF:111
LH:99
BRDA:12,0,0,0
BRDA:28,1,0,1
BRDA:28,1,1,32
BRDA:28,1,2,4
BRDA:28,1,3,1
BRDA:28,1,4,0
BRDA:68,2,0,0
BRDA:68,2,1,3
BRDA:76,3,0,1
BRDA:76,3,1,2
BRDA:76,4,0,3
BRDA:76,4,1,3
BRDA:89,5,0,0
BRDA:89,5,1,5
BRDA:89,6,0,5
BRDA:89,6,1,5
BRDA:91,7,0,5
BRDA:91,7,1,0
BRDA:91,8,0,5
BRDA:91,8,1,5
BRDA:96,9,0,0
BRDA:96,9,1,2
BRDA:96,10,0,2
BRDA:96,10,1,2
BRDA:112,11,0,14
BRDA:112,11,1,2
BRDA:113,12,0,14
BRDA:113,12,1,14
BRDA:115,13,0,14
BRDA:115,13,1,1
BRDA:116,14,0,14
BRDA:116,14,1,2
BRDA:122,15,0,2
BRDA:122,15,1,12
BRDA:123,16,0,1
BRDA:123,16,1,1
BRDA:139,17,0,1
BRDA:139,17,1,11
BRDA:141,18,0,0
BRDA:141,18,1,1
BRDA:144,19,0,5
BRDA:144,19,1,6
BRDA:145,20,0,5
BRDA:145,20,1,0
BRDA:161,21,0,3
BRDA:161,21,1,33
BRDA:175,22,0,8
BRDA:175,23,0,14
BRDA:186,24,0,33
BRDA:186,24,1,3
BRDA:186,24,2,30
BRDA:186,24,3,0
BRDA:212,25,0,0
BRDA:212,25,1,1
BRDA:221,26,0,0
BRDA:221,26,1,2
BRDA:223,27,0,2
BRDA:223,27,1,1
BRDA:227,28,0,1
BRDA:227,28,1,0
BRDA:232,29,0,15
BRDA:232,29,1,1
BRDA:247,30,0,0
BRDA:247,30,1,0
BRF:64
BRH:50
end_of_record
